android/app/build/intermediates/manifest_merge_blame_file/debug/manifest-merger-blame-debug-report.txt
1<?xml version="1.0" encoding="utf-8"?>
2<manifest xmlns:android="http://schemas.android.com/apk/res/android"
3    package="com.insta"
4    android:versionCode="1"
5    android:versionName="1.0" >
6
7    <uses-sdk
8        android:minSdkVersion="21"
9        android:targetSdkVersion="34" />
10
11    <uses-permission android:name="android.permission.INTERNET" />
11-->src/main/AndroidManifest.xml:3:5-67
11-->src/main/AndroidManifest.xml:3:22-64
12    <uses-permission android:name="android.permission.CAMERA" />
12-->src/main/AndroidManifest.xml:4:5-65
12-->src/main/AndroidManifest.xml:4:22-62
13    <uses-permission android:name="android.permission.RECORD_AUDIO" />
13-->src/main/AndroidManifest.xml:5:5-71
13-->src/main/AndroidManifest.xml:5:22-68
14    <uses-permission android:name="android.permission.READ_EXTERNAL_STORAGE" />
14-->src/main/AndroidManifest.xml:6:5-80
14-->src/main/AndroidManifest.xml:6:22-77
15    <uses-permission android:name="android.permission.WRITE_EXTERNAL_STORAGE" />
15-->src/main/AndroidManifest.xml:7:5-81
15-->src/main/AndroidManifest.xml:7:22-78
16
17    <uses-feature
17-->[:react-native-camera] AndroidManifest.xml:9:5-11:36
18        android:name="android.hardware.camera"
18-->[:react-native-camera] AndroidManifest.xml:10:9-47
19        android:required="false" />
19-->[:react-native-camera] AndroidManifest.xml:11:9-33
20    <uses-feature
20-->[:react-native-camera] AndroidManifest.xml:12:5-14:36
21        android:name="android.hardware.camera.autofocus"
21-->[:react-native-camera] AndroidManifest.xml:13:9-57
22        android:required="false" />
22-->[:react-native-camera] AndroidManifest.xml:14:9-33
23    <!--
24    This manifest file is used only by Gradle to configure debug-only capabilities
25    for React Native Apps.
26    -->
27    <uses-permission android:name="android.permission.SYSTEM_ALERT_WINDOW" />
27-->[com.facebook.react:react-android:0.73.8] AndroidManifest.xml:16:5-78
27-->[com.facebook.react:react-android:0.73.8] AndroidManifest.xml:16:22-75
28    <uses-permission android:name="android.permission.ACCESS_WIFI_STATE" />
28-->[com.facebook.flipper:flipper:0.201.0] AndroidManifest.xml:14:5-76
28-->[com.facebook.flipper:flipper:0.201.0] AndroidManifest.xml:14:22-73
29
30    <permission
30-->[androidx.core:core:1.9.0] AndroidManifest.xml:22:5-24:47
31        android:name="com.insta.DYNAMIC_RECEIVER_NOT_EXPORTED_PERMISSION"
31-->[androidx.core:core:1.9.0] AndroidManifest.xml:23:9-81
32        android:protectionLevel="signature" />
32-->[androidx.core:core:1.9.0] AndroidManifest.xml:24:9-44
33
34    <uses-permission android:name="com.insta.DYNAMIC_RECEIVER_NOT_EXPORTED_PERMISSION" /> <!-- Although the *SdkVersion is captured in gradle build files, this is required for non gradle builds -->
34-->[androidx.core:core:1.9.0] AndroidManifest.xml:26:5-97
34-->[androidx.core:core:1.9.0] AndroidManifest.xml:26:22-94
35    <!-- <uses-sdk android:minSdkVersion="14"/> -->
36    <uses-permission android:name="android.permission.ACCESS_NETWORK_STATE" />
36-->[com.google.android.datatransport:transport-backend-cct:2.3.3] AndroidManifest.xml:25:5-79
36-->[com.google.android.datatransport:transport-backend-cct:2.3.3] AndroidManifest.xml:25:22-76
37
38    <application
38-->src/main/AndroidManifest.xml:10:5-29:19
39        android:name="com.insta.MainApplication"
39-->src/main/AndroidManifest.xml:11:7-38
40        android:allowBackup="false"
40-->src/main/AndroidManifest.xml:15:7-34
41        android:appComponentFactory="androidx.core.app.CoreComponentFactory"
41-->[androidx.core:core:1.9.0] AndroidManifest.xml:28:18-86
42        android:debuggable="true"
43        android:extractNativeLibs="true"
44        android:icon="@mipmap/ic_launcher"
44-->src/main/AndroidManifest.xml:13:7-41
45        android:label="@string/app_name"
45-->src/main/AndroidManifest.xml:12:7-39
46        android:roundIcon="@mipmap/ic_launcher_round"
46-->src/main/AndroidManifest.xml:14:7-52
47        android:theme="@style/AppTheme"
47-->src/main/AndroidManifest.xml:16:7-38
48        android:usesCleartextTraffic="true" >
48-->src/debug/AndroidManifest.xml:6:9-44
49        <activity
49-->src/main/AndroidManifest.xml:17:7-28:18
50            android:name="com.insta.MainActivity"
50-->src/main/AndroidManifest.xml:18:9-37
51            android:configChanges="keyboard|keyboardHidden|orientation|screenLayout|screenSize|smallestScreenSize|uiMode"
51-->src/main/AndroidManifest.xml:20:9-118
52            android:exported="true"
52-->src/main/AndroidManifest.xml:23:9-32
53            android:label="@string/app_name"
53-->src/main/AndroidManifest.xml:19:9-41
54            android:launchMode="singleTask"
54-->src/main/AndroidManifest.xml:21:9-40
55            android:windowSoftInputMode="adjustResize" >
55-->src/main/AndroidManifest.xml:22:9-51
56            <intent-filter>
56-->src/main/AndroidManifest.xml:24:9-27:25
57                <action android:name="android.intent.action.MAIN" />
57-->src/main/AndroidManifest.xml:25:13-65
57-->src/main/AndroidManifest.xml:25:21-62
58
59                <category android:name="android.intent.category.LAUNCHER" />
59-->src/main/AndroidManifest.xml:26:13-73
59-->src/main/AndroidManifest.xml:26:23-70
60            </intent-filter>
61        </activity>
62
63        <provider
63-->[:react-native-image-picker] AndroidManifest.xml:8:9-16:20
64            android:name="com.imagepicker.ImagePickerProvider"
64-->[:react-native-image-picker] AndroidManifest.xml:9:13-63
65            android:authorities="com.insta.imagepickerprovider"
65-->[:react-native-image-picker] AndroidManifest.xml:10:13-71
66            android:exported="false"
66-->[:react-native-image-picker] AndroidManifest.xml:11:13-37
67            android:grantUriPermissions="true" >
67-->[:react-native-image-picker] AndroidManifest.xml:12:13-47
68            <meta-data
68-->[:react-native-image-picker] AndroidManifest.xml:13:13-15:70
69                android:name="android.support.FILE_PROVIDER_PATHS"
69-->[:react-native-image-picker] AndroidManifest.xml:14:17-67
70                android:resource="@xml/imagepicker_provider_paths" />
70-->[:react-native-image-picker] AndroidManifest.xml:15:17-67
71        </provider>
72
73        <activity
73-->[com.facebook.react:react-android:0.73.8] AndroidManifest.xml:19:9-21:40
74            android:name="com.facebook.react.devsupport.DevSettingsActivity"
74-->[com.facebook.react:react-android:0.73.8] AndroidManifest.xml:20:13-77
75            android:exported="false" />
75-->[com.facebook.react:react-android:0.73.8] AndroidManifest.xml:21:13-37
76
77        <service
77-->[com.google.android.gms:play-services-mlkit-barcode-scanning:16.2.0] AndroidManifest.xml:9:9-15:19
78            android:name="com.google.mlkit.common.internal.MlKitComponentDiscoveryService"
78-->[com.google.android.gms:play-services-mlkit-barcode-scanning:16.2.0] AndroidManifest.xml:10:13-91
79            android:directBootAware="true"
79-->[com.google.mlkit:common:17.2.0] AndroidManifest.xml:17:13-43
80            android:exported="false" >
80-->[com.google.android.gms:play-services-mlkit-barcode-scanning:16.2.0] AndroidManifest.xml:11:13-37
81            <meta-data
81-->[com.google.android.gms:play-services-mlkit-barcode-scanning:16.2.0] AndroidManifest.xml:12:13-14:85
82                android:name="com.google.firebase.components:com.google.mlkit.vision.barcode.internal.BarcodeRegistrar"
82-->[com.google.android.gms:play-services-mlkit-barcode-scanning:16.2.0] AndroidManifest.xml:13:17-120
83                android:value="com.google.firebase.components.ComponentRegistrar" />
83-->[com.google.android.gms:play-services-mlkit-barcode-scanning:16.2.0] AndroidManifest.xml:14:17-82
84            <meta-data
84-->[com.google.android.gms:play-services-mlkit-face-detection:16.2.0] AndroidManifest.xml:12:13-14:85
85                android:name="com.google.firebase.components:com.google.mlkit.vision.face.internal.FaceRegistrar"
85-->[com.google.android.gms:play-services-mlkit-face-detection:16.2.0] AndroidManifest.xml:13:17-114
86                android:value="com.google.firebase.components.ComponentRegistrar" />
86-->[com.google.android.gms:play-services-mlkit-face-detection:16.2.0] AndroidManifest.xml:14:17-82
87            <meta-data
87-->[com.google.android.gms:play-services-mlkit-text-recognition:16.3.0] AndroidManifest.xml:12:13-14:85
88                android:name="com.google.firebase.components:com.google.mlkit.vision.text.internal.TextRegistrar"
88-->[com.google.android.gms:play-services-mlkit-text-recognition:16.3.0] AndroidManifest.xml:13:17-114
89                android:value="com.google.firebase.components.ComponentRegistrar" />
89-->[com.google.android.gms:play-services-mlkit-text-recognition:16.3.0] AndroidManifest.xml:14:17-82
90            <meta-data
90-->[com.google.mlkit:vision-common:16.5.0] AndroidManifest.xml:12:13-14:85
91                android:name="com.google.firebase.components:com.google.mlkit.vision.common.internal.VisionCommonRegistrar"
91-->[com.google.mlkit:vision-common:16.5.0] AndroidManifest.xml:13:17-124
92                android:value="com.google.firebase.components.ComponentRegistrar" />
92-->[com.google.mlkit:vision-common:16.5.0] AndroidManifest.xml:14:17-82
93            <meta-data
93-->[com.google.mlkit:common:17.2.0] AndroidManifest.xml:20:13-22:85
94                android:name="com.google.firebase.components:com.google.mlkit.common.internal.CommonComponentRegistrar"
94-->[com.google.mlkit:common:17.2.0] AndroidManifest.xml:21:17-120
95                android:value="com.google.firebase.components.ComponentRegistrar" />
95-->[com.google.mlkit:common:17.2.0] AndroidManifest.xml:22:17-82
96        </service>
97
98        <provider
98-->[com.google.mlkit:common:17.2.0] AndroidManifest.xml:9:9-13:38
99            android:name="com.google.mlkit.common.internal.MlKitInitProvider"
99-->[com.google.mlkit:common:17.2.0] AndroidManifest.xml:10:13-78
100            android:authorities="com.insta.mlkitinitprovider"
100-->[com.google.mlkit:common:17.2.0] AndroidManifest.xml:11:13-69
101            android:exported="false"
101-->[com.google.mlkit:common:17.2.0] AndroidManifest.xml:12:13-37
102            android:initOrder="99" />
102-->[com.google.mlkit:common:17.2.0] AndroidManifest.xml:13:13-35
103
104        <activity
104-->[com.google.android.gms:play-services-base:17.6.0] AndroidManifest.xml:23:9-26:75
105            android:name="com.google.android.gms.common.api.GoogleApiActivity"
105-->[com.google.android.gms:play-services-base:17.6.0] AndroidManifest.xml:24:13-79
106            android:exported="false"
106-->[com.google.android.gms:play-services-base:17.6.0] AndroidManifest.xml:25:13-37
107            android:theme="@android:style/Theme.Translucent.NoTitleBar" />
107-->[com.google.android.gms:play-services-base:17.6.0] AndroidManifest.xml:26:13-72
108
109        <meta-data
109-->[com.google.android.gms:play-services-basement:17.6.0] AndroidManifest.xml:23:9-25:69
110            android:name="com.google.android.gms.version"
110-->[com.google.android.gms:play-services-basement:17.6.0] AndroidManifest.xml:24:13-58
111            android:value="@integer/google_play_services_version" />
111-->[com.google.android.gms:play-services-basement:17.6.0] AndroidManifest.xml:25:13-66
112
113        <provider
113-->[androidx.emoji2:emoji2:1.2.0] AndroidManifest.xml:24:9-32:20
114            android:name="androidx.startup.InitializationProvider"
114-->[androidx.emoji2:emoji2:1.2.0] AndroidManifest.xml:25:13-67
115            android:authorities="com.insta.androidx-startup"
115-->[androidx.emoji2:emoji2:1.2.0] AndroidManifest.xml:26:13-68
116            android:exported="false" >
116-->[androidx.emoji2:emoji2:1.2.0] AndroidManifest.xml:27:13-37
117            <meta-data
117-->[androidx.emoji2:emoji2:1.2.0] AndroidManifest.xml:29:13-31:52
118                android:name="androidx.emoji2.text.EmojiCompatInitializer"
118-->[androidx.emoji2:emoji2:1.2.0] AndroidManifest.xml:30:17-75
119                android:value="androidx.startup" />
119-->[androidx.emoji2:emoji2:1.2.0] AndroidManifest.xml:31:17-49
120            <meta-data
120-->[androidx.lifecycle:lifecycle-process:2.4.1] AndroidManifest.xml:31:13-33:52
121                android:name="androidx.lifecycle.ProcessLifecycleInitializer"
121-->[androidx.lifecycle:lifecycle-process:2.4.1] AndroidManifest.xml:32:17-78
122                android:value="androidx.startup" />
122-->[androidx.lifecycle:lifecycle-process:2.4.1] AndroidManifest.xml:33:17-49
123        </provider>
124
125        <service
125-->[com.google.android.datatransport:transport-backend-cct:2.3.3] AndroidManifest.xml:29:9-35:19
126            android:name="com.google.android.datatransport.runtime.backends.TransportBackendDiscovery"
126-->[com.google.android.datatransport:transport-backend-cct:2.3.3] AndroidManifest.xml:30:13-103
127            android:exported="false" >
127-->[com.google.android.datatransport:transport-backend-cct:2.3.3] AndroidManifest.xml:31:13-37
128            <meta-data
128-->[com.google.android.datatransport:transport-backend-cct:2.3.3] AndroidManifest.xml:32:13-34:39
129                android:name="backend:com.google.android.datatransport.cct.CctBackendFactory"
129-->[com.google.android.datatransport:transport-backend-cct:2.3.3] AndroidManifest.xml:33:17-94
130                android:value="cct" />
130-->[com.google.android.datatransport:transport-backend-cct:2.3.3] AndroidManifest.xml:34:17-36
131        </service>
132        <service
132-->[com.google.android.datatransport:transport-runtime:2.2.6] AndroidManifest.xml:26:9-30:19
133            android:name="com.google.android.datatransport.runtime.scheduling.jobscheduling.JobInfoSchedulerService"
133-->[com.google.android.datatransport:transport-runtime:2.2.6] AndroidManifest.xml:27:13-117
134            android:exported="false"
134-->[com.google.android.datatransport:transport-runtime:2.2.6] AndroidManifest.xml:28:13-37
135            android:permission="android.permission.BIND_JOB_SERVICE" >
135-->[com.google.android.datatransport:transport-runtime:2.2.6] AndroidManifest.xml:29:13-69
136        </service>
137
138        <receiver
138-->[com.google.android.datatransport:transport-runtime:2.2.6] AndroidManifest.xml:32:9-34:40
139            android:name="com.google.android.datatransport.runtime.scheduling.jobscheduling.AlarmManagerSchedulerBroadcastReceiver"
139-->[com.google.android.datatransport:transport-runtime:2.2.6] AndroidManifest.xml:33:13-132
140            android:exported="false" />
140-->[com.google.android.datatransport:transport-runtime:2.2.6] AndroidManifest.xml:34:13-37
141
142        <meta-data
142-->[com.facebook.soloader:soloader:0.10.5] AndroidManifest.xml:12:9-14:37
143            android:name="com.facebook.soloader.enabled"
143-->[com.facebook.soloader:soloader:0.10.5] AndroidManifest.xml:13:13-57
144            android:value="false" />
144-->[com.facebook.soloader:soloader:0.10.5] AndroidManifest.xml:14:13-34
145    </application>
146
147</manifest>